<?xml version="1.0" encoding="UTF-8"?>
<!-- Generated by org.testng.reporters.JUnitReportReporter -->
<testsuite hostname="DESKTOP-R5T0OP1" failures="0" tests="2" name="DistributedParallal.test2" time="0.026" errors="0" timestamp="2024-10-19T12:06:14 IST" skipped="0">
  <testcase classname="DistributedParallal.test2" name="demo2" time="0.007"/>
  <system-out/>
  <testcase classname="DistributedParallal.test2" name="demo1" time="0.019"/>
  <system-out/>
</testsuite> <!-- DistributedParallal.test2 -->
