<?xml version="1.0" encoding="UTF-8"?>
<!-- Generated by org.testng.reporters.JUnitReportReporter -->
<testsuite hostname="DESKTOP-R5T0OP1" failures="0" tests="2" name="TESTNG.InovationCount" time="0.002" errors="0" timestamp="2024-10-17T12:37:56 IST" skipped="0">
  <testcase classname="TESTNG.InovationCount" name="demo2" time="0.001"/>
  <system-out>
    <![CDATA[demo2]]>
  </system-out>
  <testcase classname="TESTNG.InovationCount" name="demo1" time="0.001"/>
  <system-out>
    <![CDATA[demo1]]>
  </system-out>
</testsuite> <!-- TESTNG.InovationCount -->
