<?xml version="1.0" encoding="UTF-8"?>
<!-- Generated by org.testng.reporters.JUnitReportReporter -->
<testsuite hostname="DESKTOP-R5T0OP1" failures="0" tests="3" name="GroupExecution.Test2" time="0.005" errors="0" timestamp="2024-10-17T13:33:02 IST" skipped="0">
  <testcase classname="GroupExecution.Test2" name="demo2" time="0.002"/>
  <system-out/>
  <testcase classname="GroupExecution.Test2" name="demo3" time="0.001"/>
  <system-out/>
  <testcase classname="GroupExecution.Test2" name="demo1" time="0.002"/>
  <system-out/>
</testsuite> <!-- GroupExecution.Test2 -->
