<?xml version="1.0" encoding="UTF-8"?>
<!-- Generated by org.testng.reporters.JUnitReportReporter -->
<testsuite hostname="DESKTOP-R5T0OP1" failures="0" tests="2" name="TESTNG.DependsOnMethodLoginTestNavigation" time="9.216" errors="0" timestamp="2024-10-17T12:37:56 IST" skipped="0">
  <testcase classname="TESTNG.DependsOnMethodLoginTestNavigation" name="LoginTest" time="4.297"/>
  <system-out/>
  <testcase classname="TESTNG.DependsOnMethodLoginTestNavigation" name="navigateTest" time="4.919"/>
  <system-out/>
</testsuite> <!-- TESTNG.DependsOnMethodLoginTestNavigation -->
