<?xml version="1.0" encoding="UTF-8"?>
<!-- Generated by org.testng.reporters.JUnitReportReporter -->
<testsuite hostname="DESKTOP-R5T0OP1" failures="0" tests="5" name="TESTNG.PrioritizeTest" time="0.016" errors="0" timestamp="2024-10-17T12:37:56 IST" skipped="0">
  <testcase classname="TESTNG.PrioritizeTest" name="demo4" time="0.005"/>
  <system-out>
    <![CDATA[demo4]]>
  </system-out>
  <testcase classname="TESTNG.PrioritizeTest" name="demo1" time="0.002"/>
  <system-out>
    <![CDATA[demo1]]>
  </system-out>
  <testcase classname="TESTNG.PrioritizeTest" name="demo3" time="0.001"/>
  <system-out>
    <![CDATA[demo3]]>
  </system-out>
  <testcase classname="TESTNG.PrioritizeTest" name="demo2" time="0.003"/>
  <system-out>
    <![CDATA[demo2]]>
  </system-out>
  <testcase classname="TESTNG.PrioritizeTest" name="demo5" time="0.005"/>
  <system-out>
    <![CDATA[demo5]]>
  </system-out>
</testsuite> <!-- TESTNG.PrioritizeTest -->
