<?xml version="1.0" encoding="UTF-8"?>
<!-- Generated by org.testng.reporters.JUnitReportReporter -->
<testsuite hostname="DESKTOP-R5T0OP1" failures="0" tests="1" name="GroupExecution.Test4" time="0.002" errors="0" timestamp="2024-10-17T13:33:02 IST" skipped="0">
  <testcase classname="GroupExecution.Test4" name="demo2" time="0.002"/>
  <system-out/>
</testsuite> <!-- GroupExecution.Test4 -->
