<?xml version="1.0" encoding="UTF-8"?>
<!-- Generated by org.testng.reporters.JUnitReportReporter -->
<testsuite hostname="DESKTOP-R5T0OP1" failures="0" tests="1" name="ASSERTIONS.WhyNotIfElse" time="0.013" errors="0" timestamp="2024-10-19T12:38:57 IST" skipped="0">
  <testcase classname="ASSERTIONS.WhyNotIfElse" name="Demo" time="0.013"/>
  <system-out/>
</testsuite> <!-- ASSERTIONS.WhyNotIfElse -->
