<?xml version="1.0" encoding="UTF-8"?>
<!-- Generated by org.testng.reporters.JUnitReportReporter -->
<testsuite hostname="DESKTOP-R5T0OP1" failures="0" tests="3" name="TESTNG.BookTickate" time="0.008" errors="0" timestamp="2024-10-16T10:38:15 IST" skipped="0">
  <testcase classname="TESTNG.BookTickate" name="Book" time="0.005"/>
  <system-out/>
  <testcase classname="TESTNG.BookTickate" name="Book" time="0.001"/>
  <system-out/>
  <testcase classname="TESTNG.BookTickate" name="Book" time="0.002"/>
  <system-out/>
</testsuite> <!-- TESTNG.BookTickate -->
