<?xml version="1.0" encoding="UTF-8"?>
<!-- Generated by org.testng.reporters.JUnitReportReporter -->
<testsuite hostname="DESKTOP-R5T0OP1" failures="0" tests="2" name="DistributedParallal.test3" time="0.004" errors="0" timestamp="2024-10-19T12:06:14 IST" skipped="0">
  <testcase classname="DistributedParallal.test3" name="demo1" time="0.001"/>
  <system-out/>
  <testcase classname="DistributedParallal.test3" name="demo2" time="0.003"/>
  <system-out/>
</testsuite> <!-- DistributedParallal.test3 -->
