<?xml version="1.0" encoding="UTF-8"?>
<!-- Generated by org.testng.reporters.JUnitReportReporter -->
<testsuite hostname="DESKTOP-R5T0OP1" failures="0" tests="1" name="TESTNG.SampleTest" time="0.005" errors="0" timestamp="2024-10-17T12:37:56 IST" skipped="0">
  <testcase classname="TESTNG.SampleTest" name="demo" time="0.005"/>
  <system-out>
    <![CDATA[hello World]]>
  </system-out>
</testsuite> <!-- TESTNG.SampleTest -->
