<?xml version="1.0" encoding="UTF-8"?>
<!-- Generated by org.testng.reporters.JUnitReportReporter -->
<testsuite hostname="DESKTOP-R5T0OP1" failures="0" tests="3" name="GroupExecution.Test1" time="0.018" errors="0" timestamp="2024-10-17T13:33:02 IST" skipped="0">
  <testcase classname="GroupExecution.Test1" name="demo2" time="0.003"/>
  <system-out/>
  <testcase classname="GroupExecution.Test1" name="demo3" time="0.002"/>
  <system-out/>
  <testcase classname="GroupExecution.Test1" name="demo1" time="0.013"/>
  <system-out/>
</testsuite> <!-- GroupExecution.Test1 -->
