<?xml version="1.0" encoding="UTF-8"?>
<!-- Generated by org.testng.reporters.JUnitReportReporter -->
<testsuite hostname="DESKTOP-R5T0OP1" failures="0" tests="3" name="TESTNG.DataProviderBookTickate" time="0.010" errors="0" timestamp="2024-10-17T12:37:56 IST" skipped="0">
  <testcase classname="TESTNG.DataProviderBookTickate" name="Book" time="0.001"/>
  <system-out/>
  <testcase classname="TESTNG.DataProviderBookTickate" name="Book" time="0.004"/>
  <system-out/>
  <testcase classname="TESTNG.DataProviderBookTickate" name="Book" time="0.005"/>
  <system-out/>
</testsuite> <!-- TESTNG.DataProviderBookTickate -->
